{"C:\\Users\\spran\\Downloads\\Calculator_project\\ktu-calculator\\src\\calculateResult.js": {"path":"C:\\Users\\spran\\Downloads\\Calculator_project\\ktu-calculator\\src\\calculateResult.js","statementMap":{"0":{"start":{"line":1,"column":24},"end":{"line":14,"column":1}},"1":{"start":{"line":2,"column":2},"end":{"line":13,"column":3}},"2":{"start":{"line":3,"column":30},"end":{"line":3,"column":68}},"3":{"start":{"line":4,"column":4},"end":{"line":4,"column":74}},"4":{"start":{"line":5,"column":4},"end":{"line":5,"column":74}},"5":{"start":{"line":6,"column":4},"end":{"line":6,"column":76}},"6":{"start":{"line":7,"column":4},"end":{"line":7,"column":76}},"7":{"start":{"line":8,"column":4},"end":{"line":8,"column":74}},"8":{"start":{"line":9,"column":4},"end":{"line":9,"column":67}},"9":{"start":{"line":10,"column":4},"end":{"line":10,"column":37}},"10":{"start":{"line":12,"column":4},"end":{"line":12,"column":19}}},"fnMap":{"0":{"name":"(anonymous_0)","decl":{"start":{"line":1,"column":24},"end":{"line":1,"column":25}},"loc":{"start":{"line":1,"column":40},"end":{"line":14,"column":1}},"line":1}},"branchMap":{},"s":{"0":1,"1":16,"2":16,"3":16,"4":16,"5":16,"6":16,"7":16,"8":16,"9":16,"10":0},"f":{"0":16},"b":{},"inputSourceMap":null,"_coverageSchema":"1a1c01bbd47fc00a2c39e90264f33305004495a9","hash":"1ded0b28a8b9743227ef5b673902a88ced6c42ce"}
}
